#
# There is insufficient memory for the Java Runtime Environment to continue.
# Native memory allocation (malloc) failed to allocate 32784 bytes for Chunk::new
# Possible reasons:
#   The system is out of physical RAM or swap space
#   In 32 bit mode, the process size limit was hit
# Possible solutions:
#   Reduce memory load on the system
#   Increase physical memory or swap space
#   Check if swap backing store is full
#   Use 64 bit Java on a 64 bit OS
#   Decrease Java heap size (-Xmx/-Xms)
#   Decrease number of Java threads
#   Decrease Java thread stack sizes (-Xss)
#   Set larger code cache with -XX:ReservedCodeCacheSize=
# This output file may be truncated or incomplete.
#
#  Out of Memory Error (allocation.cpp:388), pid=6212, tid=11404
#
# JRE version: Java(TM) SE Runtime Environment (8.0_11-b12) (build 1.8.0_11-b12)
# Java VM: Java HotSpot(TM) 64-Bit Server VM (25.11-b03 mixed mode windows-amd64 compressed oops)
# Failed to write core dump. Minidumps are not enabled by default on client versions of Windows
#

---------------  T H R E A D  ---------------

Current thread (0x0000000054dcc800):  JavaThread "C2 CompilerThread1" daemon [_thread_in_native, id=11404, stack(0x0000000055720000,0x0000000055820000)]

Stack: [0x0000000055720000,0x0000000055820000]
Native frames: (J=compiled Java code, j=interpreted, Vv=VM code, C=native code)
V  [jvm.dll+0x308eca]


Current CompileTask:
C2:  21678 1990   !   4       java.net.URLClassLoader$1::run (73 bytes)


---------------  P R O C E S S  ---------------

Java Threads: ( => current thread )
  0x00000000567a2000 JavaThread "Abandoned connection cleanup thread" daemon [_thread_blocked, id=9768, stack(0x0000000058f60000,0x0000000059060000)]
  0x00000000569df800 JavaThread "com.mchange.v2.async.ThreadPoolAsynchronousRunner$PoolThread-#2" daemon [_thread_blocked, id=7940, stack(0x0000000058e00000,0x0000000058f00000)]
  0x000000005629d800 JavaThread "com.mchange.v2.async.ThreadPoolAsynchronousRunner$PoolThread-#1" daemon [_thread_blocked, id=6884, stack(0x0000000058c30000,0x0000000058d30000)]
  0x000000005629d000 JavaThread "com.mchange.v2.async.ThreadPoolAsynchronousRunner$PoolThread-#0" daemon [_thread_blocked, id=11776, stack(0x0000000058a60000,0x0000000058b60000)]
  0x0000000056a7a800 JavaThread "Timer-0" daemon [_thread_blocked, id=9752, stack(0x0000000058200000,0x0000000058300000)]
  0x0000000056793800 JavaThread "GC Daemon" daemon [_thread_blocked, id=12092, stack(0x0000000055830000,0x0000000055930000)]
  0x0000000054e5a000 JavaThread "Service Thread" daemon [_thread_blocked, id=8920, stack(0x0000000055b60000,0x0000000055c60000)]
  0x0000000054e0b800 JavaThread "C1 CompilerThread2" daemon [_thread_blocked, id=10488, stack(0x0000000055980000,0x0000000055a80000)]
=>0x0000000054dcc800 JavaThread "C2 CompilerThread1" daemon [_thread_in_native, id=11404, stack(0x0000000055720000,0x0000000055820000)]
  0x0000000054dc8000 JavaThread "C2 CompilerThread0" daemon [_thread_in_native, id=8784, stack(0x0000000055540000,0x0000000055640000)]
  0x0000000054dbc000 JavaThread "Attach Listener" daemon [_thread_blocked, id=8744, stack(0x00000000553e0000,0x00000000554e0000)]
  0x0000000054db9000 JavaThread "Signal Dispatcher" daemon [_thread_blocked, id=9268, stack(0x0000000055240000,0x0000000055340000)]
  0x0000000053808000 JavaThread "Finalizer" daemon [_thread_blocked, id=9260, stack(0x0000000054cb0000,0x0000000054db0000)]
  0x00000000537fd000 JavaThread "Reference Handler" daemon [_thread_blocked, id=5572, stack(0x0000000054ab0000,0x0000000054bb0000)]
  0x000000000224e800 JavaThread "main" [_thread_in_native, id=10416, stack(0x00000000022c0000,0x00000000023c0000)]

Other Threads:
  0x00000000537f5000 VMThread [stack: 0x0000000054860000,0x0000000054960000] [id=8292]
  0x0000000054e6d800 WatcherThread [stack: 0x0000000055d40000,0x0000000055e40000] [id=11320]

VM state:not at safepoint (normal execution)

VM Mutex/Monitor currently owned by a thread: None

Heap:
 PSYoungGen      total 45568K, used 17948K [0x00000000f6100000, 0x00000000f9680000, 0x0000000100000000)
  eden space 41984K, 34% used [0x00000000f6100000,0x00000000f6f0c5d8,0x00000000f8a00000)
  from space 3584K, 99% used [0x00000000f9300000,0x00000000f967aaa8,0x00000000f9680000)
  to   space 4608K, 0% used [0x00000000f8d80000,0x00000000f8d80000,0x00000000f9200000)
 ParOldGen       total 10240K, used 8183K [0x00000000e2200000, 0x00000000e2c00000, 0x00000000f6100000)
  object space 10240K, 79% used [0x00000000e2200000,0x00000000e29fdf20,0x00000000e2c00000)
 Metaspace       used 26668K, capacity 26896K, committed 27136K, reserved 1073152K
  class space    used 3223K, capacity 3304K, committed 3328K, reserved 1048576K

Card table byte_map: [0x0000000011780000,0x0000000011870000] byte_map_base: 0x000000001106f000

Marking Bits: (ParMarkBitMap*) 0x000000005cee12b0
 Begin Bits: [0x0000000011e90000, 0x0000000012608000)
 End Bits:   [0x0000000012608000, 0x0000000012d80000)

Polling page: 0x0000000000110000

CodeCache: size=245760Kb used=7251Kb max_used=7251Kb free=238508Kb
 bounds [0x00000000023c0000, 0x0000000002ae0000, 0x00000000113c0000]
 total_blobs=2547 nmethods=2061 adapters=400
 compilation: enabled

Compilation events (10 events):
Event: 21.474 Thread 0x0000000054e0b800 2063       3       java.util.Calendar::setFieldsComputed (117 bytes)
Event: 21.475 Thread 0x0000000054e0b800 nmethod 2063 0x0000000002ad0a90 code [0x0000000002ad0c40, 0x0000000002ad10d0]
Event: 21.478 Thread 0x0000000054e0b800 2064       3       org.apache.log4j.helpers.PatternParser$LiteralPatternConverter::format (10 bytes)
Event: 21.479 Thread 0x0000000054e0b800 nmethod 2064 0x0000000002ad1410 code [0x0000000002ad1580, 0x0000000002ad19a8]
Event: 21.587 Thread 0x0000000054e0b800 2065   !   3       sun.nio.cs.ext.DoubleByte$Encoder::encodeArrayLoop (409 bytes)
Event: 21.595 Thread 0x0000000054e0b800 nmethod 2065 0x0000000002ad1b10 code [0x0000000002ad2240, 0x0000000002ad6cc8]
Event: 21.595 Thread 0x0000000054e0b800 2066   !   3       java.nio.charset.Charset::defaultCharset (65 bytes)
Event: 21.596 Thread 0x0000000054e0b800 nmethod 2066 0x0000000002ada410 code [0x0000000002ada600, 0x0000000002adadb8]
Event: 21.636 Thread 0x0000000054e0b800 2068       3       java.lang.StringCoding$StringEncoder::<init> (54 bytes)
Event: 21.637 Thread 0x0000000054e0b800 nmethod 2068 0x0000000002adb1d0 code [0x0000000002adb380, 0x0000000002adbab8]

GC Heap History (10 events):
Event: 14.319 GC heap before
{Heap before GC invocations=13 (full 0):
 PSYoungGen      total 21504K, used 20499K [0x00000000f6100000, 0x00000000f7880000, 0x0000000100000000)
  eden space 18944K, 100% used [0x00000000f6100000,0x00000000f7380000,0x00000000f7380000)
  from space 2560K, 60% used [0x00000000f7600000,0x00000000f7784f50,0x00000000f7880000)
  to   space 2560K, 0% used [0x00000000f7380000,0x00000000f7380000,0x00000000f7600000)
 ParOldGen       total 29184K, used 3813K [0x00000000e2200000, 0x00000000e3e80000, 0x00000000f6100000)
  object space 29184K, 13% used [0x00000000e2200000,0x00000000e25b9448,0x00000000e3e80000)
 Metaspace       used 14925K, capacity 15116K, committed 15232K, reserved 1062912K
  class space    used 1798K, capacity 1858K, committed 1920K, reserved 1048576K
Event: 14.324 GC heap after
Heap after GC invocations=13 (full 0):
 PSYoungGen      total 21504K, used 2029K [0x00000000f6100000, 0x00000000f8400000, 0x0000000100000000)
  eden space 18944K, 0% used [0x00000000f6100000,0x00000000f6100000,0x00000000f7380000)
  from space 2560K, 79% used [0x00000000f7380000,0x00000000f757b688,0x00000000f7600000)
  to   space 2560K, 0% used [0x00000000f8180000,0x00000000f8180000,0x00000000f8400000)
 ParOldGen       total 29184K, used 4726K [0x00000000e2200000, 0x00000000e3e80000, 0x00000000f6100000)
  object space 29184K, 16% used [0x00000000e2200000,0x00000000e269d808,0x00000000e3e80000)
 Metaspace       used 14925K, capacity 15116K, committed 15232K, reserved 1062912K
  class space    used 1798K, capacity 1858K, committed 1920K, reserved 1048576K
}
Event: 15.605 GC heap before
{Heap before GC invocations=14 (full 0):
 PSYoungGen      total 21504K, used 20973K [0x00000000f6100000, 0x00000000f8400000, 0x0000000100000000)
  eden space 18944K, 100% used [0x00000000f6100000,0x00000000f7380000,0x00000000f7380000)
  from space 2560K, 79% used [0x00000000f7380000,0x00000000f757b688,0x00000000f7600000)
  to   space 2560K, 0% used [0x00000000f8180000,0x00000000f8180000,0x00000000f8400000)
 ParOldGen       total 29184K, used 4726K [0x00000000e2200000, 0x00000000e3e80000, 0x00000000f6100000)
  object space 29184K, 16% used [0x00000000e2200000,0x00000000e269d808,0x00000000e3e80000)
 Metaspace       used 18194K, capacity 18412K, committed 18688K, reserved 1064960K
  class space    used 2204K, capacity 2274K, committed 2304K, reserved 1048576K
Event: 15.614 GC heap after
Heap after GC invocations=14 (full 0):
 PSYoungGen      total 32256K, used 2552K [0x00000000f6100000, 0x00000000f8600000, 0x0000000100000000)
  eden space 29696K, 0% used [0x00000000f6100000,0x00000000f6100000,0x00000000f7e00000)
  from space 2560K, 99% used [0x00000000f8180000,0x00000000f83fe3d0,0x00000000f8400000)
  to   space 3584K, 0% used [0x00000000f7e00000,0x00000000f7e00000,0x00000000f8180000)
 ParOldGen       total 29184K, used 5624K [0x00000000e2200000, 0x00000000e3e80000, 0x00000000f6100000)
  object space 29184K, 19% used [0x00000000e2200000,0x00000000e277e388,0x00000000e3e80000)
 Metaspace       used 18194K, capacity 18412K, committed 18688K, reserved 1064960K
  class space    used 2204K, capacity 2274K, committed 2304K, reserved 1048576K
}
Event: 17.647 GC heap before
{Heap before GC invocations=15 (full 0):
 PSYoungGen      total 32256K, used 26236K [0x00000000f6100000, 0x00000000f8600000, 0x0000000100000000)
  eden space 29696K, 79% used [0x00000000f6100000,0x00000000f7820e08,0x00000000f7e00000)
  from space 2560K, 99% used [0x00000000f8180000,0x00000000f83fe3d0,0x00000000f8400000)
  to   space 3584K, 0% used [0x00000000f7e00000,0x00000000f7e00000,0x00000000f8180000)
 ParOldGen       total 29184K, used 5624K [0x00000000e2200000, 0x00000000e3e80000, 0x00000000f6100000)
  object space 29184K, 19% used [0x00000000e2200000,0x00000000e277e388,0x00000000e3e80000)
 Metaspace       used 20894K, capacity 21092K, committed 21296K, reserved 1069056K
  class space    used 2560K, capacity 2630K, committed 2688K, reserved 1048576K
Event: 17.655 GC heap after
Heap after GC invocations=15 (full 0):
 PSYoungGen      total 33280K, used 2643K [0x00000000f6100000, 0x00000000f9680000, 0x0000000100000000)
  eden space 29696K, 0% used [0x00000000f6100000,0x00000000f6100000,0x00000000f7e00000)
  from space 3584K, 73% used [0x00000000f7e00000,0x00000000f8094ca0,0x00000000f8180000)
  to   space 3584K, 0% used [0x00000000f9300000,0x00000000f9300000,0x00000000f9680000)
 ParOldGen       total 29184K, used 6629K [0x00000000e2200000, 0x00000000e3e80000, 0x00000000f6100000)
  object space 29184K, 22% used [0x00000000e2200000,0x00000000e2879608,0x00000000e3e80000)
 Metaspace       used 20894K, capacity 21092K, committed 21296K, reserved 1069056K
  class space    used 2560K, capacity 2630K, committed 2688K, reserved 1048576K
}
Event: 17.655 GC heap before
{Heap before GC invocations=16 (full 1):
 PSYoungGen      total 33280K, used 2643K [0x00000000f6100000, 0x00000000f9680000, 0x0000000100000000)
  eden space 29696K, 0% used [0x00000000f6100000,0x00000000f6100000,0x00000000f7e00000)
  from space 3584K, 73% used [0x00000000f7e00000,0x00000000f8094ca0,0x00000000f8180000)
  to   space 3584K, 0% used [0x00000000f9300000,0x00000000f9300000,0x00000000f9680000)
 ParOldGen       total 29184K, used 6629K [0x00000000e2200000, 0x00000000e3e80000, 0x00000000f6100000)
  object space 29184K, 22% used [0x00000000e2200000,0x00000000e2879608,0x00000000e3e80000)
 Metaspace       used 20894K, capacity 21092K, committed 21296K, reserved 1069056K
  class space    used 2560K, capacity 2630K, committed 2688K, reserved 1048576K
Event: 17.748 GC heap after
Heap after GC invocations=16 (full 1):
 PSYoungGen      total 33280K, used 0K [0x00000000f6100000, 0x00000000f9680000, 0x0000000100000000)
  eden space 29696K, 0% used [0x00000000f6100000,0x00000000f6100000,0x00000000f7e00000)
  from space 3584K, 0% used [0x00000000f7e00000,0x00000000f7e00000,0x00000000f8180000)
  to   space 3584K, 0% used [0x00000000f9300000,0x00000000f9300000,0x00000000f9680000)
 ParOldGen       total 10240K, used 7685K [0x00000000e2200000, 0x00000000e2c00000, 0x00000000f6100000)
  object space 10240K, 75% used [0x00000000e2200000,0x00000000e29816d0,0x00000000e2c00000)
 Metaspace       used 20894K, capacity 21092K, committed 21296K, reserved 1069056K
  class space    used 2560K, capacity 2630K, committed 2688K, reserved 1048576K
}
Event: 20.253 GC heap before
{Heap before GC invocations=17 (full 1):
 PSYoungGen      total 33280K, used 29696K [0x00000000f6100000, 0x00000000f9680000, 0x0000000100000000)
  eden space 29696K, 100% used [0x00000000f6100000,0x00000000f7e00000,0x00000000f7e00000)
  from space 3584K, 0% used [0x00000000f7e00000,0x00000000f7e00000,0x00000000f8180000)
  to   space 3584K, 0% used [0x00000000f9300000,0x00000000f9300000,0x00000000f9680000)
 ParOldGen       total 10240K, used 7685K [0x00000000e2200000, 0x00000000e2c00000, 0x00000000f6100000)
  object space 10240K, 75% used [0x00000000e2200000,0x00000000e29816d0,0x00000000e2c00000)
 Metaspace       used 25083K, capacity 25296K, committed 25472K, reserved 1071104K
  class space    used 3032K, capacity 3112K, committed 3200K, reserved 1048576K
Event: 20.262 GC heap after
Heap after GC invocations=17 (full 1):
 PSYoungGen      total 45568K, used 3562K [0x00000000f6100000, 0x00000000f9680000, 0x0000000100000000)
  eden space 41984K, 0% used [0x00000000f6100000,0x00000000f6100000,0x00000000f8a00000)
  from space 3584K, 99% used [0x00000000f9300000,0x00000000f967aaa8,0x00000000f9680000)
  to   space 4608K, 0% used [0x00000000f8d80000,0x00000000f8d80000,0x00000000f9200000)
 ParOldGen       total 10240K, used 8183K [0x00000000e2200000, 0x00000000e2c00000, 0x00000000f6100000)
  object space 10240K, 79% used [0x00000000e2200000,0x00000000e29fdf20,0x00000000e2c00000)
 Metaspace       used 25083K, capacity 25296K, committed 25472K, reserved 1071104K
  class space    used 3032K, capacity 3112K, committed 3200K, reserved 1048576K
}

Deoptimization events (10 events):
Event: 12.947 Thread 0x000000000224e800 Uncommon trap: reason=class_check action=maybe_recompile pc=0x0000000002720098 method=java.util.Properties$LineReader.readLine()I @ 410
Event: 14.843 Thread 0x000000000224e800 Uncommon trap: reason=unreached action=reinterpret pc=0x0000000002880cc0 method=java.lang.reflect.Method.equals(Ljava/lang/Object;)Z @ 49
Event: 14.912 Thread 0x000000000224e800 Uncommon trap: reason=unreached action=reinterpret pc=0x000000000260e3e0 method=java.util.HashMap.hash(Ljava/lang/Object;)I @ 1
Event: 14.912 Thread 0x000000000224e800 Uncommon trap: reason=unreached action=reinterpret pc=0x00000000027ddb20 method=java.util.HashMap.hash(Ljava/lang/Object;)I @ 1
Event: 14.919 Thread 0x000000000224e800 Uncommon trap: reason=unreached action=reinterpret pc=0x000000000263dc24 method=java.util.HashMap.hash(Ljava/lang/Object;)I @ 1
Event: 15.738 Thread 0x000000000224e800 Uncommon trap: reason=class_check action=maybe_recompile pc=0x000000000293fa34 method=java.util.concurrent.ConcurrentHashMap.putVal(Ljava/lang/Object;Ljava/lang/Object;Z)Ljava/lang/Object; @ 192
Event: 15.739 Thread 0x000000000224e800 Uncommon trap: reason=class_check action=maybe_recompile pc=0x000000000293fa34 method=java.util.concurrent.ConcurrentHashMap.putVal(Ljava/lang/Object;Ljava/lang/Object;Z)Ljava/lang/Object; @ 192
Event: 15.752 Thread 0x000000000224e800 Uncommon trap: reason=class_check action=maybe_recompile pc=0x000000000293fa34 method=java.util.concurrent.ConcurrentHashMap.putVal(Ljava/lang/Object;Ljava/lang/Object;Z)Ljava/lang/Object; @ 192
Event: 15.753 Thread 0x000000000224e800 Uncommon trap: reason=class_check action=maybe_recompile pc=0x000000000293fa34 method=java.util.concurrent.ConcurrentHashMap.putVal(Ljava/lang/Object;Ljava/lang/Object;Z)Ljava/lang/Object; @ 192
Event: 18.603 Thread 0x00000000569df800 Uncommon trap: reason=unreached action=reinterpret pc=0x0000000002639a08 method=java.lang.AbstractStringBuilder.append(Ljava/lang/String;)Ljava/lang/AbstractStringBuilder; @ 1

Internal exceptions (10 events):
Event: 21.565 Thread 0x000000000224e800 Exception <a 'java/security/PrivilegedActionException'> (0x00000000f6e0bd00) thrown at [C:\re\workspace\8-2-build-windows-amd64-cygwin\jdk8u11\648\hotspot\src\share\vm\prims\jvm.cpp, line 1248]
Event: 21.568 Thread 0x000000000224e800 Exception <a 'java/security/PrivilegedActionException'> (0x00000000f6e0d180) thrown at [C:\re\workspace\8-2-build-windows-amd64-cygwin\jdk8u11\648\hotspot\src\share\vm\prims\jvm.cpp, line 1248]
Event: 21.585 Thread 0x000000000224e800 Exception <a 'java/security/PrivilegedActionException'> (0x00000000f6e1ac08) thrown at [C:\re\workspace\8-2-build-windows-amd64-cygwin\jdk8u11\648\hotspot\src\share\vm\prims\jvm.cpp, line 1248]
Event: 21.591 Thread 0x000000000224e800 Exception <a 'java/security/PrivilegedActionException'> (0x00000000f6e40998) thrown at [C:\re\workspace\8-2-build-windows-amd64-cygwin\jdk8u11\648\hotspot\src\share\vm\prims\jvm.cpp, line 1248]
Event: 21.637 Thread 0x000000000224e800 Exception <a 'java/security/PrivilegedActionException'> (0x00000000f6e5b518) thrown at [C:\re\workspace\8-2-build-windows-amd64-cygwin\jdk8u11\648\hotspot\src\share\vm\prims\jvm.cpp, line 1248]
Event: 21.638 Thread 0x000000000224e800 Exception <a 'java/security/PrivilegedActionException'> (0x00000000f6e64df0) thrown at [C:\re\workspace\8-2-build-windows-amd64-cygwin\jdk8u11\648\hotspot\src\share\vm\prims\jvm.cpp, line 1248]
Event: 21.639 Thread 0x000000000224e800 Exception <a 'java/security/PrivilegedActionException'> (0x00000000f6e75658) thrown at [C:\re\workspace\8-2-build-windows-amd64-cygwin\jdk8u11\648\hotspot\src\share\vm\prims\jvm.cpp, line 1248]
Event: 21.639 Thread 0x000000000224e800 Exception <a 'java/security/PrivilegedActionException'> (0x00000000f6e765a0) thrown at [C:\re\workspace\8-2-build-windows-amd64-cygwin\jdk8u11\648\hotspot\src\share\vm\prims\jvm.cpp, line 1248]
Event: 21.640 Thread 0x000000000224e800 Exception <a 'java/security/PrivilegedActionException'> (0x00000000f6e86960) thrown at [C:\re\workspace\8-2-build-windows-amd64-cygwin\jdk8u11\648\hotspot\src\share\vm\prims\jvm.cpp, line 1248]
Event: 21.640 Thread 0x000000000224e800 Exception <a 'java/security/PrivilegedActionException'> (0x00000000f6e88fc0) thrown at [C:\re\workspace\8-2-build-windows-amd64-cygwin\jdk8u11\648\hotspot\src\share\vm\prims\jvm.cpp, line 1248]

Events (10 events):
Event: 21.604 Executing VM operation: RevokeBias
Event: 21.604 Executing VM operation: RevokeBias done
Event: 21.637 loading class org/hibernate/tool/hbm2ddl/TableMetadata
Event: 21.637 loading class org/hibernate/tool/hbm2ddl/TableMetadata done
Event: 21.638 loading class org/hibernate/internal/CoreMessageLogger_$logger_zh_CN
Event: 21.638 loading class org/hibernate/internal/CoreMessageLogger_$logger_zh_CN done
Event: 21.639 loading class org/hibernate/internal/CoreMessageLogger_$logger_zh
Event: 21.639 loading class org/hibernate/internal/CoreMessageLogger_$logger_zh done
Event: 21.640 loading class com/mysql/jdbc/DatabaseMetaData$2
Event: 21.640 loading class com/mysql/jdbc/DatabaseMetaData$2 done


Dynamic libraries:
0x000000013fea0000 - 0x000000013fed4000 	D:\Java\jdk1.8.0_11\jre\bin\java.exe
0x0000000077ba0000 - 0x0000000077d49000 	C:\Windows\SYSTEM32\ntdll.dll
0x0000000077980000 - 0x0000000077a9f000 	C:\Windows\system32\kernel32.dll
0x000007fefdb20000 - 0x000007fefdb8c000 	C:\Windows\system32\KERNELBASE.dll
0x000007feffc80000 - 0x000007feffd5b000 	C:\Windows\system32\ADVAPI32.dll
0x000007feffae0000 - 0x000007feffb7f000 	C:\Windows\system32\msvcrt.dll
0x000007fefdf20000 - 0x000007fefdf3f000 	C:\Windows\SYSTEM32\sechost.dll
0x000007feff7c0000 - 0x000007feff8ed000 	C:\Windows\system32\RPCRT4.dll
0x0000000077aa0000 - 0x0000000077b9a000 	C:\Windows\system32\USER32.dll
0x000007feffe40000 - 0x000007feffea7000 	C:\Windows\system32\GDI32.dll
0x000007fefe600000 - 0x000007fefe60e000 	C:\Windows\system32\LPK.dll
0x000007feff8f0000 - 0x000007feff9b9000 	C:\Windows\system32\USP10.dll
0x000007fefb630000 - 0x000007fefb824000 	C:\Windows\WinSxS\amd64_microsoft.windows.common-controls_6595b64144ccf1df_6.0.7601.18837_none_fa3b1e3d17594757\COMCTL32.dll
0x000007feff9c0000 - 0x000007feffa31000 	C:\Windows\system32\SHLWAPI.dll
0x000007fefdd10000 - 0x000007fefdd3e000 	C:\Windows\system32\IMM32.DLL
0x000007fefe420000 - 0x000007fefe529000 	C:\Windows\system32\MSCTF.dll
0x000000005d6d0000 - 0x000000005d7a2000 	D:\Java\jdk1.8.0_11\jre\bin\msvcr100.dll
0x000000005c730000 - 0x000000005cf5a000 	D:\Java\jdk1.8.0_11\jre\bin\server\jvm.dll
0x000007fefc7f0000 - 0x000007fefc7f9000 	C:\Windows\system32\WSOCK32.dll
0x000007fefe530000 - 0x000007fefe57d000 	C:\Windows\system32\WS2_32.dll
0x000007fefdd00000 - 0x000007fefdd08000 	C:\Windows\system32\NSI.dll
0x000007fef6fc0000 - 0x000007fef6ffb000 	C:\Windows\system32\WINMM.dll
0x0000000077d70000 - 0x0000000077d77000 	C:\Windows\system32\PSAPI.DLL
0x000000005db80000 - 0x000000005db8f000 	D:\Java\jdk1.8.0_11\jre\bin\verify.dll
0x000000005db50000 - 0x000000005db78000 	D:\Java\jdk1.8.0_11\jre\bin\java.dll
0x000000005db30000 - 0x000000005db46000 	D:\Java\jdk1.8.0_11\jre\bin\zip.dll
0x000007fefe7c0000 - 0x000007feff549000 	C:\Windows\system32\SHELL32.dll
0x000007fefdf40000 - 0x000007fefe143000 	C:\Windows\system32\ole32.dll
0x000007fefd950000 - 0x000007fefd95f000 	C:\Windows\system32\profapi.dll
0x000000005d950000 - 0x000000005dae6000 	D:\Java\jdk1.8.0_11\jre\bin\awt.dll
0x000007feffd60000 - 0x000007feffe37000 	C:\Windows\system32\OLEAUT32.dll
0x000000005d820000 - 0x000000005d844000 	D:\Java\jdk1.8.0_11\jre\bin\sunec.dll
0x00000000003b0000 - 0x00000000003bb000 	D:\Java\jdk1.8.0_11\jre\bin\sunmscapi.dll
0x000007fefdb90000 - 0x000007fefdcfc000 	C:\Windows\system32\CRYPT32.dll
0x000007fefd940000 - 0x000007fefd94f000 	C:\Windows\system32\MSASN1.dll
0x000000005db10000 - 0x000000005db2a000 	D:\Java\jdk1.8.0_11\jre\bin\net.dll
0x000007fefd120000 - 0x000007fefd175000 	C:\Windows\system32\mswsock.dll
0x000007fefd110000 - 0x000007fefd117000 	C:\Windows\System32\wship6.dll
0x000007fefc7c0000 - 0x000007fefc7d5000 	C:\Windows\system32\NLAapi.dll
0x000007fef0ed0000 - 0x000007fef0ee5000 	C:\Windows\system32\napinsp.dll
0x000007fef0e60000 - 0x000007fef0e79000 	C:\Windows\system32\pnrpnsp.dll
0x000007fefcfa0000 - 0x000007fefcffb000 	C:\Windows\system32\DNSAPI.dll
0x000007fef5420000 - 0x000007fef542b000 	C:\Windows\System32\winrnr.dll
0x000007fef0bb0000 - 0x000007fef0bc0000 	C:\Windows\system32\wshbth.dll
0x0000000073b70000 - 0x0000000073b96000 	C:\Program Files\Bonjour\mdnsNSP.dll
0x000007fefc350000 - 0x000007fefc377000 	C:\Windows\system32\Iphlpapi.DLL
0x000007fefc330000 - 0x000007fefc33b000 	C:\Windows\system32\WINNSI.DLL
0x000007fefcb00000 - 0x000007fefcb07000 	C:\Windows\System32\wshtcpip.dll
0x000007fef5430000 - 0x000007fef5438000 	C:\Windows\system32\rasadhlp.dll
0x000007fefc1e0000 - 0x000007fefc233000 	C:\Windows\System32\fwpuclnt.dll
0x000007fefd180000 - 0x000007fefd197000 	C:\Windows\system32\CRYPTSP.dll
0x000007fefce80000 - 0x000007fefcec7000 	C:\Windows\system32\rsaenh.dll
0x000007fefd980000 - 0x000007fefd99e000 	C:\Windows\system32\USERENV.dll
0x000007fefd7e0000 - 0x000007fefd7ef000 	C:\Windows\system32\CRYPTBASE.dll
0x000007fefc140000 - 0x000007fefc158000 	C:\Windows\system32\dhcpcsvc.DLL
0x000007fefc120000 - 0x000007fefc131000 	C:\Windows\system32\dhcpcsvc6.DLL
0x000000005daf0000 - 0x000000005db01000 	D:\Java\jdk1.8.0_11\jre\bin\nio.dll
0x000000005d8f0000 - 0x000000005d8fd000 	D:\Java\jdk1.8.0_11\jre\bin\management.dll

VM Arguments:
java_command: E:\IDEA project\ProductsService\target\surefire\surefirebooter799453429611938640.jar E:\IDEA project\ProductsService\target\surefire\surefire5543285466296433451tmp E:\IDEA project\ProductsService\target\surefire\surefire_02328062769194017507tmp
java_class_path (initial): E:\IDEA project\ProductsService\target\surefire\surefirebooter799453429611938640.jar
Launcher Type: SUN_STANDARD

Environment Variables:
JAVA_HOME=D:\Java\jdk1.8.0_11\
CLASSPATH=.;C:\Program Files (x86)\QuickTime\QTSystem\QTJava.zip
PATH=C:\Windows\system32;C:\Windows;C:\Windows\System32\Wbem;C:\Windows\System32\WindowsPowerShell\v1.0\;C:\Program Files (x86)\Microsoft SQL Server\100\Tools\Binn\;C:\Program Files\Microsoft SQL Server\100\Tools\Binn\;C:\Program Files\Microsoft SQL Server\100\DTS\Binn\;C:\Program Files (x86)\ATI Technologies\ATI.ACE\Core-Static;D:\Java\jdk1.8.0_11\\bin;C:\Program Files\Microsoft SQL Server\110\Tools\Binn\;E:\Git;E:\TortoiseGit\bin;C:\Python27;C:\Program Files\Microsoft Windows Performance Toolkit\;E:\TortoiseSVN\bin;E:\webRTC_third\depot_tools;F:\Tomcat\apache-tomcat-7.0.63\lib;F:\Tomcat\apache-tomcat-7.0.63\bin;C:\Program Files (x86)\QuickTime\QTSystem\;D:\maven\apache-maven-3.3.3\bin;D:\groovy\groovy-2.4.7\bin;D:\gradle\gradle-2.14.1/bin
USERNAME=Administrator
OS=Windows_NT
PROCESSOR_IDENTIFIER=Intel64 Family 6 Model 37 Stepping 5, GenuineIntel



---------------  S Y S T E M  ---------------

OS: Windows 7 , 64 bit Build 7601 Service Pack 1

CPU:total 4 (2 cores per cpu, 2 threads per core) family 6 model 37 stepping 5, cmov, cx8, fxsr, mmx, sse, sse2, sse3, ssse3, sse4.1, sse4.2, popcnt, ht, tsc, tscinvbit

Memory: 4k page, physical 1954280k(72112k free), swap 7817120k(5064k free)

vm_info: Java HotSpot(TM) 64-Bit Server VM (25.11-b03) for windows-amd64 JRE (1.8.0_11-b12), built on Jun 16 2014 20:57:32 by "java_re" with MS VC++ 10.0 (VS2010)

time: Sat Jul 23 14:50:10 2016
elapsed time: 21 seconds

