JvmtiExport can_access_local_variables 0
JvmtiExport can_hotswap_or_post_breakpoint 0
JvmtiExport can_post_on_exceptions 0
# 683 ciObject found
instanceKlass org/hibernate/tool/hbm2ddl/TableMetadata
instanceKlass com/mchange/v2/c3p0/impl/NewProxyStatement$1
instanceKlass com/mchange/v2/c3p0/impl/NewProxyStatement
instanceKlass org/hibernate/tool/hbm2ddl/DatabaseMetadata
instanceKlass org/hibernate/engine/jdbc/internal/FormatStyle$NoFormatImpl
instanceKlass org/hibernate/engine/jdbc/internal/DDLFormatterImpl
instanceKlass org/hibernate/engine/jdbc/internal/BasicFormatterImpl
instanceKlass org/hibernate/engine/jdbc/internal/Formatter
instanceKlass org/hibernate/tool/hbm2ddl/SuppliedConnectionProviderConnectionHelper
instanceKlass org/hibernate/tool/hbm2ddl/ConnectionHelper
instanceKlass org/hibernate/tool/hbm2ddl/SchemaUpdate
instanceKlass org/hibernate/internal/SessionFactoryRegistry$1
instanceKlass org/hibernate/internal/SessionFactoryRegistry
instanceKlass java/util/UUID$Holder
instanceKlass org/hibernate/sql/ANSIJoinFragment$1
instanceKlass org/hibernate/loader/JoinWalker$AssociationKey
instanceKlass org/hibernate/type/ForeignKeyDirection
instanceKlass org/hibernate/loader/JoinWalker$AssociationInitCallback$1
instanceKlass org/hibernate/engine/spi/SessionImplementor
instanceKlass org/hibernate/engine/spi/CascadingAction
instanceKlass org/hibernate/loader/DefaultEntityAliases
instanceKlass org/hibernate/loader/EntityAliases
instanceKlass org/hibernate/engine/internal/JoinHelper
instanceKlass org/hibernate/loader/OuterJoinableAssociation
instanceKlass org/hibernate/loader/PropertyPath
instanceKlass org/hibernate/loader/entity/EntityJoinWalker$AssociationInitCallbackImpl
instanceKlass org/hibernate/sql/InFragment
instanceKlass org/hibernate/loader/JoinWalker$AssociationInitCallback
instanceKlass org/hibernate/loader/JoinWalker
instanceKlass org/hibernate/transform/ResultTransformer
instanceKlass org/hibernate/ScrollableResults
instanceKlass org/hibernate/loader/Loader
instanceKlass org/hibernate/loader/entity/BatchingEntityLoader
instanceKlass org/hibernate/Filter
instanceKlass org/hibernate/engine/spi/LoadQueryInfluencers
instanceKlass org/hibernate/id/insert/AbstractReturningDelegate
instanceKlass org/hibernate/sql/SelectFragment
instanceKlass org/hibernate/persister/entity/AbstractEntityPersister$2
instanceKlass org/hibernate/sql/Select
instanceKlass org/hibernate/sql/Delete
instanceKlass org/hibernate/sql/Update
instanceKlass org/hibernate/dialect/lock/OptimisticForceIncrementLockingStrategy
instanceKlass org/hibernate/action/spi/BeforeTransactionCompletionProcess
instanceKlass org/hibernate/dialect/lock/OptimisticLockingStrategy
instanceKlass org/hibernate/dialect/lock/PessimisticForceIncrementLockingStrategy
instanceKlass org/hibernate/sql/SimpleSelect
instanceKlass org/hibernate/LockOptions
instanceKlass org/hibernate/dialect/lock/AbstractSelectLockingStrategy
instanceKlass org/hibernate/dialect/Dialect$5
instanceKlass org/hibernate/internal/FilterHelper
instanceKlass org/hibernate/persister/entity/AbstractPropertyMapping
instanceKlass org/hibernate/classic/Lifecycle
instanceKlass javassist/util/proxy/ProxyFactory$ProxyDetails
instanceKlass javassist/util/proxy/FactoryHelper
instanceKlass javassist/bytecode/ByteArray
instanceKlass javassist/bytecode/StackMapTable$Writer
instanceKlass javassist/bytecode/ExceptionTable
instanceKlass javassist/bytecode/ByteVector
instanceKlass javassist/bytecode/MethodInfo
instanceKlass javassist/bytecode/FieldInfo
instanceKlass javassist/util/proxy/ProxyObject
instanceKlass javassist/bytecode/Opcode
instanceKlass javassist/bytecode/AttributeInfo
instanceKlass javassist/bytecode/Descriptor
instanceKlass javassist/bytecode/LongVector
instanceKlass javassist/bytecode/ConstInfo
instanceKlass javassist/bytecode/ConstPool
instanceKlass javassist/bytecode/ClassFile
instanceKlass javassist/util/proxy/RuntimeSupport$DefaultMethodHandler
instanceKlass javassist/util/proxy/RuntimeSupport
instanceKlass javassist/util/proxy/SecurityActions
instanceKlass javassist/util/proxy/ProxyFactory$2
instanceKlass javassist/util/proxy/ProxyFactory$1
instanceKlass javassist/util/proxy/ProxyFactory$ClassLoaderProvider
instanceKlass javassist/util/proxy/ProxyFactory
instanceKlass org/hibernate/proxy/pojo/javassist/JavassistLazyInitializer$1
instanceKlass org/hibernate/proxy/AbstractLazyInitializer
instanceKlass org/hibernate/proxy/LazyInitializer
instanceKlass javassist/util/proxy/MethodHandler
instanceKlass org/hibernate/proxy/pojo/javassist/JavassistProxyFactory
instanceKlass org/hibernate/bytecode/internal/javassist/ProxyFactoryFactoryImpl$1
instanceKlass org/hibernate/bytecode/spi/BasicProxyFactory
instanceKlass org/hibernate/proxy/ProxyFactory
instanceKlass javassist/util/proxy/MethodFilter
instanceKlass org/hibernate/bytecode/internal/javassist/ProxyFactoryFactoryImpl
instanceKlass org/hibernate/proxy/HibernateProxy
instanceKlass org/hibernate/tuple/PojoInstantiator
instanceKlass org/hibernate/property/DirectPropertyAccessor$DirectSetter
instanceKlass org/hibernate/tuple/Instantiator
instanceKlass org/hibernate/tuple/entity/AbstractEntityTuplizer$MappedIdentifierValueMarshaller
instanceKlass org/hibernate/bytecode/internal/javassist/FieldHandled
instanceKlass org/hibernate/bytecode/internal/javassist/BytecodeProviderImpl$EntityInstrumentationMetadataImpl
instanceKlass org/hibernate/tuple/Property
instanceKlass org/hibernate/engine/spi/IdentifierValue
instanceKlass org/hibernate/engine/spi/UnsavedValueStrategy
instanceKlass org/hibernate/engine/internal/UnsavedValueFactory
instanceKlass org/hibernate/property/DirectPropertyAccessor$DirectGetter
instanceKlass org/hibernate/internal/util/ReflectHelper
instanceKlass org/hibernate/property/EmbeddedPropertyAccessor
instanceKlass org/hibernate/property/NoopAccessor
instanceKlass org/hibernate/property/MapAccessor
instanceKlass org/hibernate/property/DirectPropertyAccessor
instanceKlass org/hibernate/property/Getter
instanceKlass org/hibernate/property/Setter
instanceKlass org/hibernate/property/BasicPropertyAccessor
instanceKlass org/hibernate/property/PropertyAccessor
instanceKlass org/hibernate/property/PropertyAccessorFactory
instanceKlass org/hibernate/tuple/PropertyFactory
instanceKlass org/hibernate/cache/spi/entry/UnstructuredCacheEntry
instanceKlass org/hibernate/internal/util/MarkerObject
instanceKlass org/hibernate/loader/entity/UniqueEntityLoader
instanceKlass org/hibernate/sql/Insert
instanceKlass org/hibernate/persister/entity/DiscriminatorMetadata
instanceKlass org/hibernate/persister/entity/AbstractEntityPersister$InclusionChecker
instanceKlass org/hibernate/id/insert/Binder
instanceKlass org/hibernate/engine/jdbc/batch/spi/BatchKey
instanceKlass org/hibernate/cache/spi/entry/CacheEntryStructure
instanceKlass org/hibernate/persister/entity/AbstractEntityPersister
instanceKlass org/hibernate/persister/entity/Lockable
instanceKlass org/hibernate/id/PostInsertIdentityPersister
instanceKlass org/hibernate/bytecode/instrumentation/spi/LazyPropertyInitializer
instanceKlass org/hibernate/persister/entity/SQLLoadable
instanceKlass org/hibernate/persister/entity/UniqueKeyLoadable
instanceKlass org/hibernate/metadata/ClassMetadata
instanceKlass org/hibernate/persister/entity/Queryable
instanceKlass org/hibernate/persister/entity/PropertyMapping
instanceKlass org/hibernate/persister/entity/OuterJoinLoadable
instanceKlass org/hibernate/persister/entity/Joinable
instanceKlass org/hibernate/persister/entity/Loadable
instanceKlass org/hibernate/persister/internal/StandardPersisterClassResolver
instanceKlass org/hibernate/persister/collection/CollectionPersister
instanceKlass org/hibernate/persister/entity/EntityPersister
instanceKlass org/hibernate/cache/spi/OptimisticCacheSource
instanceKlass org/hibernate/metamodel/binding/AbstractAttributeBinding
instanceKlass org/hibernate/metamodel/binding/PluralAttributeBinding
instanceKlass org/hibernate/metamodel/binding/AssociationAttributeBinding
instanceKlass org/hibernate/metamodel/binding/AttributeBinding
instanceKlass org/hibernate/cache/spi/access/CollectionRegionAccessStrategy
instanceKlass org/hibernate/mapping/Collection
instanceKlass org/hibernate/cache/spi/access/NaturalIdRegionAccessStrategy
instanceKlass org/hibernate/cache/spi/access/EntityRegionAccessStrategy
instanceKlass org/hibernate/cache/spi/access/RegionAccessStrategy
instanceKlass org/hibernate/persister/internal/PersisterFactoryImpl
instanceKlass org/hibernate/id/insert/InsertGeneratedIdentifierDelegate
instanceKlass org/hibernate/internal/util/collections/SingletonIterator
instanceKlass org/hibernate/cfg/beanvalidation/TypeSafeActivator
instanceKlass org/hibernate/internal/SessionFactoryImpl$1IntegratorObserver
instanceKlass org/hibernate/internal/util/collections/SoftLimitMRUCache
instanceKlass org/hibernate/internal/util/collections/SimpleMRUCache
instanceKlass org/hibernate/engine/query/spi/QueryPlanCache
instanceKlass org/hibernate/internal/TypeLocatorImpl
instanceKlass java/util/concurrent/ConcurrentHashMap$MapEntry
instanceKlass java/util/concurrent/ConcurrentHashMap$Traverser
instanceKlass org/hibernate/dialect/function/SQLFunctionRegistry
instanceKlass org/hibernate/stat/spi/StatisticsImplementor
instanceKlass org/hibernate/stat/internal/StatisticsInitiator$1
